0 info it worked if it ends with ok
1 verbose cli [ 'C:\\Program Files\\nodejs\\node.exe',
1 verbose cli   'C:\\Users\\Administrator\\AppData\\Roaming\\npm\\node_modules\\npm\\bin\\npm-cli.js',
1 verbose cli   'install',
1 verbose cli   'ccap' ]
2 info using npm@3.10.3
3 info using node@v4.4.7
4 silly loadCurrentTree Starting
5 silly install loadCurrentTree
6 silly install readLocalPackageData
7 silly fetchPackageMetaData ccap
8 silly fetchNamedPackageData ccap
9 silly mapToRegistry name ccap
10 silly mapToRegistry using default registry
11 silly mapToRegistry registry https://registry.npmjs.org/
12 silly mapToRegistry data Result {
12 silly mapToRegistry   raw: 'ccap',
12 silly mapToRegistry   scope: null,
12 silly mapToRegistry   escapedName: 'ccap',
12 silly mapToRegistry   name: 'ccap',
12 silly mapToRegistry   rawSpec: '',
12 silly mapToRegistry   spec: 'latest',
12 silly mapToRegistry   type: 'tag' }
13 silly mapToRegistry uri https://registry.npmjs.org/ccap
14 verbose request uri https://registry.npmjs.org/ccap
15 verbose request no auth needed
16 info attempt registry request try #1 at 14:52:04
17 verbose request id 866d2ed79b9e4f93
18 verbose etag "A99VG95UW2I62GQO945722GP3"
19 http request GET https://registry.npmjs.org/ccap
20 http 304 https://registry.npmjs.org/ccap
21 verbose headers { date: 'Mon, 18 Jul 2016 06:52:08 GMT',
21 verbose headers   via: '1.1 varnish',
21 verbose headers   'cache-control': 'max-age=300',
21 verbose headers   etag: '"A99VG95UW2I62GQO945722GP3"',
21 verbose headers   age: '39',
21 verbose headers   connection: 'keep-alive',
21 verbose headers   'x-served-by': 'cache-lcy1133-LCY',
21 verbose headers   'x-cache': 'HIT',
21 verbose headers   'x-cache-hits': '1',
21 verbose headers   'x-timer': 'S1468824728.057476,VS0,VE0',
21 verbose headers   vary: 'Accept-Encoding' }
22 silly get cb [ 304,
22 silly get   { date: 'Mon, 18 Jul 2016 06:52:08 GMT',
22 silly get     via: '1.1 varnish',
22 silly get     'cache-control': 'max-age=300',
22 silly get     etag: '"A99VG95UW2I62GQO945722GP3"',
22 silly get     age: '39',
22 silly get     connection: 'keep-alive',
22 silly get     'x-served-by': 'cache-lcy1133-LCY',
22 silly get     'x-cache': 'HIT',
22 silly get     'x-cache-hits': '1',
22 silly get     'x-timer': 'S1468824728.057476,VS0,VE0',
22 silly get     vary: 'Accept-Encoding' } ]
23 verbose etag https://registry.npmjs.org/ccap from cache
24 verbose get saving ccap to C:\Users\Administrator\AppData\Roaming\npm-cache\registry.npmjs.org\ccap\.cache.json
25 verbose correctMkdir C:\Users\Administrator\AppData\Roaming\npm-cache correctMkdir not in flight; initializing
26 silly install normalizeTree
27 silly loadCurrentTree Finishing
28 silly loadIdealTree Starting
29 silly install loadIdealTree
30 silly cloneCurrentTree Starting
31 silly install cloneCurrentTreeToIdealTree
32 silly cloneCurrentTree Finishing
33 silly loadShrinkwrap Starting
34 silly install loadShrinkwrap
35 silly loadShrinkwrap Finishing
36 silly loadAllDepsIntoIdealTree Starting
37 silly install loadAllDepsIntoIdealTree
38 silly resolveWithNewModule ccap@0.6.10 checking installable status
39 silly cache add args [ 'ccap', null ]
40 verbose cache add spec ccap
41 silly cache add parsed spec Result {
41 silly cache add   raw: 'ccap',
41 silly cache add   scope: null,
41 silly cache add   escapedName: 'ccap',
41 silly cache add   name: 'ccap',
41 silly cache add   rawSpec: '',
41 silly cache add   spec: 'latest',
41 silly cache add   type: 'tag' }
42 silly addNamed ccap@latest
43 verbose addNamed "latest" is being treated as a dist-tag for ccap
44 info addNameTag [ 'ccap', 'latest' ]
45 silly mapToRegistry name ccap
46 silly mapToRegistry using default registry
47 silly mapToRegistry registry https://registry.npmjs.org/
48 silly mapToRegistry data Result {
48 silly mapToRegistry   raw: 'ccap',
48 silly mapToRegistry   scope: null,
48 silly mapToRegistry   escapedName: 'ccap',
48 silly mapToRegistry   name: 'ccap',
48 silly mapToRegistry   rawSpec: '',
48 silly mapToRegistry   spec: 'latest',
48 silly mapToRegistry   type: 'tag' }
49 silly mapToRegistry uri https://registry.npmjs.org/ccap
50 verbose addNameTag registry:https://registry.npmjs.org/ccap not in flight; fetching
51 verbose get https://registry.npmjs.org/ccap not expired, no request
52 silly addNameTag next cb for ccap with tag latest
53 silly addNamed ccap@0.6.10
54 verbose addNamed "0.6.10" is a plain semver version for ccap
55 silly cache afterAdd ccap@0.6.10
56 verbose afterAdd C:\Users\Administrator\AppData\Roaming\npm-cache\ccap\0.6.10\package\package.json not in flight; writing
57 verbose correctMkdir C:\Users\Administrator\AppData\Roaming\npm-cache correctMkdir not in flight; initializing
58 verbose afterAdd C:\Users\Administrator\AppData\Roaming\npm-cache\ccap\0.6.10\package\package.json written
59 silly fetchNamedPackageData async
60 silly mapToRegistry name async
61 silly mapToRegistry using default registry
62 silly mapToRegistry registry https://registry.npmjs.org/
63 silly mapToRegistry data Result {
63 silly mapToRegistry   raw: 'async',
63 silly mapToRegistry   scope: null,
63 silly mapToRegistry   escapedName: 'async',
63 silly mapToRegistry   name: 'async',
63 silly mapToRegistry   rawSpec: '',
63 silly mapToRegistry   spec: 'latest',
63 silly mapToRegistry   type: 'tag' }
64 silly mapToRegistry uri https://registry.npmjs.org/async
65 silly fetchNamedPackageData node-schedule
66 silly mapToRegistry name node-schedule
67 silly mapToRegistry using default registry
68 silly mapToRegistry registry https://registry.npmjs.org/
69 silly mapToRegistry data Result {
69 silly mapToRegistry   raw: 'node-schedule',
69 silly mapToRegistry   scope: null,
69 silly mapToRegistry   escapedName: 'node-schedule',
69 silly mapToRegistry   name: 'node-schedule',
69 silly mapToRegistry   rawSpec: '',
69 silly mapToRegistry   spec: 'latest',
69 silly mapToRegistry   type: 'tag' }
70 silly mapToRegistry uri https://registry.npmjs.org/node-schedule
71 silly fetchNamedPackageData nan
72 silly mapToRegistry name nan
73 silly mapToRegistry using default registry
74 silly mapToRegistry registry https://registry.npmjs.org/
75 silly mapToRegistry data Result {
75 silly mapToRegistry   raw: 'nan',
75 silly mapToRegistry   scope: null,
75 silly mapToRegistry   escapedName: 'nan',
75 silly mapToRegistry   name: 'nan',
75 silly mapToRegistry   rawSpec: '',
75 silly mapToRegistry   spec: 'latest',
75 silly mapToRegistry   type: 'tag' }
76 silly mapToRegistry uri https://registry.npmjs.org/nan
77 verbose request uri https://registry.npmjs.org/node-schedule
78 verbose request no auth needed
79 info attempt registry request try #1 at 14:52:06
80 verbose etag "AUQFWB87W3975VYHDB7SO5Q1R"
81 http request GET https://registry.npmjs.org/node-schedule
82 verbose request uri https://registry.npmjs.org/async
83 verbose request no auth needed
84 info attempt registry request try #1 at 14:52:06
85 verbose etag "56NCHHIAHBF6ENIUO4VXX5E10"
86 http request GET https://registry.npmjs.org/async
87 verbose request uri https://registry.npmjs.org/nan
88 verbose request no auth needed
89 info attempt registry request try #1 at 14:52:06
90 verbose etag "2POVJEDCD6LOO0Y53S1HJ4UMJ"
91 http request GET https://registry.npmjs.org/nan
92 http 304 https://registry.npmjs.org/nan
93 verbose headers { date: 'Mon, 18 Jul 2016 06:52:09 GMT',
93 verbose headers   via: '1.1 varnish',
93 verbose headers   'cache-control': 'max-age=300',
93 verbose headers   etag: '"2POVJEDCD6LOO0Y53S1HJ4UMJ"',
93 verbose headers   age: '217',
93 verbose headers   connection: 'keep-alive',
93 verbose headers   'x-served-by': 'cache-lcy1133-LCY',
93 verbose headers   'x-cache': 'HIT',
93 verbose headers   'x-cache-hits': '5',
93 verbose headers   'x-timer': 'S1468824729.035810,VS0,VE0',
93 verbose headers   vary: 'Accept-Encoding' }
94 silly get cb [ 304,
94 silly get   { date: 'Mon, 18 Jul 2016 06:52:09 GMT',
94 silly get     via: '1.1 varnish',
94 silly get     'cache-control': 'max-age=300',
94 silly get     etag: '"2POVJEDCD6LOO0Y53S1HJ4UMJ"',
94 silly get     age: '217',
94 silly get     connection: 'keep-alive',
94 silly get     'x-served-by': 'cache-lcy1133-LCY',
94 silly get     'x-cache': 'HIT',
94 silly get     'x-cache-hits': '5',
94 silly get     'x-timer': 'S1468824729.035810,VS0,VE0',
94 silly get     vary: 'Accept-Encoding' } ]
95 verbose etag https://registry.npmjs.org/nan from cache
96 verbose get saving nan to C:\Users\Administrator\AppData\Roaming\npm-cache\registry.npmjs.org\nan\.cache.json
97 verbose correctMkdir C:\Users\Administrator\AppData\Roaming\npm-cache correctMkdir not in flight; initializing
98 silly resolveWithNewModule nan@1.7.0 checking installable status
99 silly cache add args [ 'nan@1.7.0', null ]
100 verbose cache add spec nan@1.7.0
101 silly cache add parsed spec Result {
101 silly cache add   raw: 'nan@1.7.0',
101 silly cache add   scope: null,
101 silly cache add   escapedName: 'nan',
101 silly cache add   name: 'nan',
101 silly cache add   rawSpec: '1.7.0',
101 silly cache add   spec: '1.7.0',
101 silly cache add   type: 'version' }
102 silly addNamed nan@1.7.0
103 verbose addNamed "1.7.0" is a plain semver version for nan
104 silly mapToRegistry name nan
105 silly mapToRegistry using default registry
106 silly mapToRegistry registry https://registry.npmjs.org/
107 silly mapToRegistry data Result {
107 silly mapToRegistry   raw: 'nan',
107 silly mapToRegistry   scope: null,
107 silly mapToRegistry   escapedName: 'nan',
107 silly mapToRegistry   name: 'nan',
107 silly mapToRegistry   rawSpec: '',
107 silly mapToRegistry   spec: 'latest',
107 silly mapToRegistry   type: 'tag' }
108 silly mapToRegistry uri https://registry.npmjs.org/nan
109 verbose addNameVersion registry:https://registry.npmjs.org/nan not in flight; fetching
110 verbose get https://registry.npmjs.org/nan not expired, no request
111 silly cache afterAdd nan@1.7.0
112 verbose afterAdd C:\Users\Administrator\AppData\Roaming\npm-cache\nan\1.7.0\package\package.json not in flight; writing
113 verbose correctMkdir C:\Users\Administrator\AppData\Roaming\npm-cache correctMkdir not in flight; initializing
114 verbose afterAdd C:\Users\Administrator\AppData\Roaming\npm-cache\nan\1.7.0\package\package.json written
115 http 304 https://registry.npmjs.org/node-schedule
116 verbose headers { date: 'Mon, 18 Jul 2016 06:52:08 GMT',
116 verbose headers   via: '1.1 varnish',
116 verbose headers   'cache-control': 'max-age=300',
116 verbose headers   etag: '"AUQFWB87W3975VYHDB7SO5Q1R"',
116 verbose headers   age: '148',
116 verbose headers   connection: 'keep-alive',
116 verbose headers   'x-served-by': 'cache-lcy1133-LCY',
116 verbose headers   'x-cache': 'HIT',
116 verbose headers   'x-cache-hits': '6',
116 verbose headers   'x-timer': 'S1468824728.500421,VS0,VE0',
116 verbose headers   vary: 'Accept-Encoding' }
117 silly get cb [ 304,
117 silly get   { date: 'Mon, 18 Jul 2016 06:52:08 GMT',
117 silly get     via: '1.1 varnish',
117 silly get     'cache-control': 'max-age=300',
117 silly get     etag: '"AUQFWB87W3975VYHDB7SO5Q1R"',
117 silly get     age: '148',
117 silly get     connection: 'keep-alive',
117 silly get     'x-served-by': 'cache-lcy1133-LCY',
117 silly get     'x-cache': 'HIT',
117 silly get     'x-cache-hits': '6',
117 silly get     'x-timer': 'S1468824728.500421,VS0,VE0',
117 silly get     vary: 'Accept-Encoding' } ]
118 verbose etag https://registry.npmjs.org/node-schedule from cache
119 verbose get saving node-schedule to C:\Users\Administrator\AppData\Roaming\npm-cache\registry.npmjs.org\node-schedule\.cache.json
120 verbose correctMkdir C:\Users\Administrator\AppData\Roaming\npm-cache correctMkdir not in flight; initializing
121 silly resolveWithNewModule node-schedule@0.1.13 checking installable status
122 silly cache add args [ 'node-schedule@0.1.13', null ]
123 verbose cache add spec node-schedule@0.1.13
124 silly cache add parsed spec Result {
124 silly cache add   raw: 'node-schedule@0.1.13',
124 silly cache add   scope: null,
124 silly cache add   escapedName: 'node-schedule',
124 silly cache add   name: 'node-schedule',
124 silly cache add   rawSpec: '0.1.13',
124 silly cache add   spec: '0.1.13',
124 silly cache add   type: 'version' }
125 silly addNamed node-schedule@0.1.13
126 verbose addNamed "0.1.13" is a plain semver version for node-schedule
127 silly mapToRegistry name node-schedule
128 silly mapToRegistry using default registry
129 silly mapToRegistry registry https://registry.npmjs.org/
130 silly mapToRegistry data Result {
130 silly mapToRegistry   raw: 'node-schedule',
130 silly mapToRegistry   scope: null,
130 silly mapToRegistry   escapedName: 'node-schedule',
130 silly mapToRegistry   name: 'node-schedule',
130 silly mapToRegistry   rawSpec: '',
130 silly mapToRegistry   spec: 'latest',
130 silly mapToRegistry   type: 'tag' }
131 silly mapToRegistry uri https://registry.npmjs.org/node-schedule
132 verbose addNameVersion registry:https://registry.npmjs.org/node-schedule not in flight; fetching
133 verbose get https://registry.npmjs.org/node-schedule not expired, no request
134 silly cache afterAdd node-schedule@0.1.13
135 verbose afterAdd C:\Users\Administrator\AppData\Roaming\npm-cache\node-schedule\0.1.13\package\package.json not in flight; writing
136 verbose correctMkdir C:\Users\Administrator\AppData\Roaming\npm-cache correctMkdir not in flight; initializing
137 verbose afterAdd C:\Users\Administrator\AppData\Roaming\npm-cache\node-schedule\0.1.13\package\package.json written
138 http 304 https://registry.npmjs.org/async
139 verbose headers { date: 'Mon, 18 Jul 2016 06:52:10 GMT',
139 verbose headers   via: '1.1 varnish',
139 verbose headers   'cache-control': 'max-age=300',
139 verbose headers   etag: '"56NCHHIAHBF6ENIUO4VXX5E10"',
139 verbose headers   age: '119',
139 verbose headers   connection: 'keep-alive',
139 verbose headers   'x-served-by': 'cache-lcy1122-LCY',
139 verbose headers   'x-cache': 'HIT',
139 verbose headers   'x-cache-hits': '16',
139 verbose headers   'x-timer': 'S1468824730.072863,VS0,VE0',
139 verbose headers   vary: 'Accept-Encoding' }
140 silly get cb [ 304,
140 silly get   { date: 'Mon, 18 Jul 2016 06:52:10 GMT',
140 silly get     via: '1.1 varnish',
140 silly get     'cache-control': 'max-age=300',
140 silly get     etag: '"56NCHHIAHBF6ENIUO4VXX5E10"',
140 silly get     age: '119',
140 silly get     connection: 'keep-alive',
140 silly get     'x-served-by': 'cache-lcy1122-LCY',
140 silly get     'x-cache': 'HIT',
140 silly get     'x-cache-hits': '16',
140 silly get     'x-timer': 'S1468824730.072863,VS0,VE0',
140 silly get     vary: 'Accept-Encoding' } ]
141 verbose etag https://registry.npmjs.org/async from cache
142 verbose get saving async to C:\Users\Administrator\AppData\Roaming\npm-cache\registry.npmjs.org\async\.cache.json
143 verbose correctMkdir C:\Users\Administrator\AppData\Roaming\npm-cache correctMkdir not in flight; initializing
144 silly resolveWithNewModule async@1.4.2 checking installable status
145 silly cache add args [ 'async@1.4.2', null ]
146 verbose cache add spec async@1.4.2
147 silly cache add parsed spec Result {
147 silly cache add   raw: 'async@1.4.2',
147 silly cache add   scope: null,
147 silly cache add   escapedName: 'async',
147 silly cache add   name: 'async',
147 silly cache add   rawSpec: '1.4.2',
147 silly cache add   spec: '1.4.2',
147 silly cache add   type: 'version' }
148 silly addNamed async@1.4.2
149 verbose addNamed "1.4.2" is a plain semver version for async
150 silly mapToRegistry name async
151 silly mapToRegistry using default registry
152 silly mapToRegistry registry https://registry.npmjs.org/
153 silly mapToRegistry data Result {
153 silly mapToRegistry   raw: 'async',
153 silly mapToRegistry   scope: null,
153 silly mapToRegistry   escapedName: 'async',
153 silly mapToRegistry   name: 'async',
153 silly mapToRegistry   rawSpec: '',
153 silly mapToRegistry   spec: 'latest',
153 silly mapToRegistry   type: 'tag' }
154 silly mapToRegistry uri https://registry.npmjs.org/async
155 verbose addNameVersion registry:https://registry.npmjs.org/async not in flight; fetching
156 verbose get https://registry.npmjs.org/async not expired, no request
157 silly cache afterAdd async@1.4.2
158 verbose afterAdd C:\Users\Administrator\AppData\Roaming\npm-cache\async\1.4.2\package\package.json not in flight; writing
159 verbose correctMkdir C:\Users\Administrator\AppData\Roaming\npm-cache correctMkdir not in flight; initializing
160 verbose afterAdd C:\Users\Administrator\AppData\Roaming\npm-cache\async\1.4.2\package\package.json written
161 silly loadAllDepsIntoIdealTree Finishing
162 silly loadIdealTree Finishing
163 silly currentTree demo@0.0.1
163 silly currentTree +-- amdefine@1.0.0
163 silly currentTree +-- async@1.5.2
163 silly currentTree +-- camelcase@1.2.1
163 silly currentTree +-- decamelize@1.2.0
163 silly currentTree +-- events@1.1.1
163 silly currentTree +-- forEachAsync@2.2.1
163 silly currentTree +-- handlebars@4.0.3
163 silly currentTree +-- hbs@4.0.0
163 silly currentTree +-- minimist@0.0.10
163 silly currentTree +-- optimist@0.6.1
163 silly currentTree +-- sequence@2.2.1
163 silly currentTree +-- source-map@0.4.4
163 silly currentTree +-- uglify-js@2.4.24
163 silly currentTree | +-- async@0.2.10
163 silly currentTree | `-- source-map@0.1.34
163 silly currentTree +-- uglify-to-browserify@1.0.2
163 silly currentTree +-- walk@2.2.1
163 silly currentTree +-- window-size@0.1.0
163 silly currentTree +-- wordwrap@0.0.3
163 silly currentTree `-- yargs@3.5.4
163 silly currentTree   `-- wordwrap@0.0.2
164 silly idealTree demo@0.0.1
164 silly idealTree +-- amdefine@1.0.0
164 silly idealTree +-- async@1.5.2
164 silly idealTree +-- camelcase@1.2.1
164 silly idealTree +-- ccap@0.6.10
164 silly idealTree | `-- async@1.4.2
164 silly idealTree +-- decamelize@1.2.0
164 silly idealTree +-- events@1.1.1
164 silly idealTree +-- forEachAsync@2.2.1
164 silly idealTree +-- handlebars@4.0.3
164 silly idealTree +-- hbs@4.0.0
164 silly idealTree +-- minimist@0.0.10
164 silly idealTree +-- nan@1.7.0
164 silly idealTree +-- node-schedule@0.1.13
164 silly idealTree +-- optimist@0.6.1
164 silly idealTree +-- sequence@2.2.1
164 silly idealTree +-- source-map@0.4.4
164 silly idealTree +-- uglify-js@2.4.24
164 silly idealTree | +-- async@0.2.10
164 silly idealTree | `-- source-map@0.1.34
164 silly idealTree +-- uglify-to-browserify@1.0.2
164 silly idealTree +-- walk@2.2.1
164 silly idealTree +-- window-size@0.1.0
164 silly idealTree +-- wordwrap@0.0.3
164 silly idealTree `-- yargs@3.5.4
164 silly idealTree   `-- wordwrap@0.0.2
165 silly generateActionsToTake Starting
166 silly install generateActionsToTake
167 silly generateActionsToTake Finishing
168 silly diffTrees action count 4
169 silly diffTrees add async@1.4.2
170 silly diffTrees add nan@1.7.0
171 silly diffTrees add node-schedule@0.1.13
172 silly diffTrees add ccap@0.6.10
173 silly decomposeActions action count 32
174 silly decomposeActions fetch async@1.4.2
175 silly decomposeActions extract async@1.4.2
176 silly decomposeActions test async@1.4.2
177 silly decomposeActions preinstall async@1.4.2
178 silly decomposeActions build async@1.4.2
179 silly decomposeActions install async@1.4.2
180 silly decomposeActions postinstall async@1.4.2
181 silly decomposeActions finalize async@1.4.2
182 silly decomposeActions fetch nan@1.7.0
183 silly decomposeActions extract nan@1.7.0
184 silly decomposeActions test nan@1.7.0
185 silly decomposeActions preinstall nan@1.7.0
186 silly decomposeActions build nan@1.7.0
187 silly decomposeActions install nan@1.7.0
188 silly decomposeActions postinstall nan@1.7.0
189 silly decomposeActions finalize nan@1.7.0
190 silly decomposeActions fetch node-schedule@0.1.13
191 silly decomposeActions extract node-schedule@0.1.13
192 silly decomposeActions test node-schedule@0.1.13
193 silly decomposeActions preinstall node-schedule@0.1.13
194 silly decomposeActions build node-schedule@0.1.13
195 silly decomposeActions install node-schedule@0.1.13
196 silly decomposeActions postinstall node-schedule@0.1.13
197 silly decomposeActions finalize node-schedule@0.1.13
198 silly decomposeActions fetch ccap@0.6.10
199 silly decomposeActions extract ccap@0.6.10
200 silly decomposeActions test ccap@0.6.10
201 silly decomposeActions preinstall ccap@0.6.10
202 silly decomposeActions build ccap@0.6.10
203 silly decomposeActions install ccap@0.6.10
204 silly decomposeActions postinstall ccap@0.6.10
205 silly decomposeActions finalize ccap@0.6.10
206 silly executeActions Starting
207 silly install executeActions
208 silly doSerial global-install 0
209 silly doParallel fetch 4
210 verbose correctMkdir C:\Users\Administrator\AppData\Roaming\npm-cache\_locks correctMkdir not in flight; initializing
211 verbose lock using C:\Users\Administrator\AppData\Roaming\npm-cache\_locks\staging-a5ff20d91f0f570d.lock for D:\nodejs\nodejs\demo\node_modules\.staging
212 silly doParallel extract 4
213 silly extract async@1.4.2
214 silly extract nan@1.7.0
215 silly extract node-schedule@0.1.13
216 silly extract ccap@0.6.10
217 verbose unbuild node_modules\.staging\async-41347a94
218 verbose unbuild node_modules\.staging\nan-add79e99
219 verbose unbuild node_modules\.staging\node-schedule-275d03c1
220 silly gentlyRm D:\nodejs\nodejs\demo\node_modules\.staging\async-41347a94 is being purged from base D:\nodejs\nodejs\demo
221 verbose gentlyRm don't care about contents; nuking D:\nodejs\nodejs\demo\node_modules\.staging\async-41347a94
222 verbose unbuild node_modules\.staging\ccap-f75eb2a8
223 silly gentlyRm D:\nodejs\nodejs\demo\node_modules\.staging\nan-add79e99 is being purged from base D:\nodejs\nodejs\demo
224 verbose gentlyRm don't care about contents; nuking D:\nodejs\nodejs\demo\node_modules\.staging\nan-add79e99
225 verbose tar unpack C:\Users\Administrator\AppData\Roaming\npm-cache\async\1.4.2\package.tgz
226 verbose tar unpacking to D:\nodejs\nodejs\demo\node_modules\.staging\async-41347a94
227 silly gentlyRm D:\nodejs\nodejs\demo\node_modules\.staging\async-41347a94 is being purged
228 verbose gentlyRm don't care about contents; nuking D:\nodejs\nodejs\demo\node_modules\.staging\async-41347a94
229 silly gentlyRm D:\nodejs\nodejs\demo\node_modules\.staging\node-schedule-275d03c1 is being purged from base D:\nodejs\nodejs\demo
230 verbose gentlyRm don't care about contents; nuking D:\nodejs\nodejs\demo\node_modules\.staging\node-schedule-275d03c1
231 verbose tar unpack C:\Users\Administrator\AppData\Roaming\npm-cache\nan\1.7.0\package.tgz
232 verbose tar unpacking to D:\nodejs\nodejs\demo\node_modules\.staging\nan-add79e99
233 silly gentlyRm D:\nodejs\nodejs\demo\node_modules\.staging\nan-add79e99 is being purged
234 verbose gentlyRm don't care about contents; nuking D:\nodejs\nodejs\demo\node_modules\.staging\nan-add79e99
235 silly gunzTarPerm modes [ '777', '666' ]
236 verbose tar unpack C:\Users\Administrator\AppData\Roaming\npm-cache\node-schedule\0.1.13\package.tgz
237 verbose tar unpacking to D:\nodejs\nodejs\demo\node_modules\.staging\node-schedule-275d03c1
238 silly gentlyRm D:\nodejs\nodejs\demo\node_modules\.staging\node-schedule-275d03c1 is being purged
239 verbose gentlyRm don't care about contents; nuking D:\nodejs\nodejs\demo\node_modules\.staging\node-schedule-275d03c1
240 silly gunzTarPerm modes [ '777', '666' ]
241 silly gunzTarPerm modes [ '777', '666' ]
242 silly gentlyRm D:\nodejs\nodejs\demo\node_modules\.staging\ccap-f75eb2a8 is being purged from base D:\nodejs\nodejs\demo
243 verbose gentlyRm don't care about contents; nuking D:\nodejs\nodejs\demo\node_modules\.staging\ccap-f75eb2a8
244 verbose tar unpack C:\Users\Administrator\AppData\Roaming\npm-cache\ccap\0.6.10\package.tgz
245 verbose tar unpacking to D:\nodejs\nodejs\demo\node_modules\.staging\ccap-f75eb2a8
246 silly gentlyRm D:\nodejs\nodejs\demo\node_modules\.staging\ccap-f75eb2a8 is being purged
247 verbose gentlyRm don't care about contents; nuking D:\nodejs\nodejs\demo\node_modules\.staging\ccap-f75eb2a8
248 silly gunzTarPerm modes [ '777', '666' ]
249 silly gunzTarPerm extractEntry package.json
250 silly gunzTarPerm modified mode [ 'package.json', 420, 438 ]
251 silly gunzTarPerm extractEntry package.json
252 silly gunzTarPerm modified mode [ 'package.json', 436, 438 ]
253 silly gunzTarPerm extractEntry package.json
254 silly gunzTarPerm modified mode [ 'package.json', 420, 438 ]
255 silly gunzTarPerm extractEntry package.json
256 silly gunzTarPerm extractEntry LICENSE
257 silly gunzTarPerm modified mode [ 'LICENSE', 420, 438 ]
258 silly gunzTarPerm extractEntry CHANGELOG.md
259 silly gunzTarPerm modified mode [ 'CHANGELOG.md', 420, 438 ]
260 silly gunzTarPerm extractEntry include_dirs.js
261 silly gunzTarPerm modified mode [ 'include_dirs.js', 436, 438 ]
262 silly gunzTarPerm extractEntry LICENSE.md
263 silly gunzTarPerm modified mode [ 'LICENSE.md', 436, 438 ]
264 silly gunzTarPerm extractEntry .npmignore
265 silly gunzTarPerm modified mode [ '.npmignore', 420, 438 ]
266 silly gunzTarPerm extractEntry README.md
267 silly gunzTarPerm modified mode [ 'README.md', 420, 438 ]
268 silly gunzTarPerm extractEntry .npmignore
269 silly gunzTarPerm extractEntry index.js
270 silly gunzTarPerm extractEntry .dntrc
271 silly gunzTarPerm modified mode [ '.dntrc', 436, 438 ]
272 silly gunzTarPerm extractEntry appveyor.yml
273 silly gunzTarPerm modified mode [ 'appveyor.yml', 436, 438 ]
274 silly gunzTarPerm extractEntry lib/increment.js
275 silly gunzTarPerm modified mode [ 'lib/increment.js', 420, 438 ]
276 silly gunzTarPerm extractEntry lib/schedule.js
277 silly gunzTarPerm modified mode [ 'lib/schedule.js', 420, 438 ]
278 silly gunzTarPerm extractEntry lib/async.js
279 silly gunzTarPerm modified mode [ 'lib/async.js', 420, 438 ]
280 silly gunzTarPerm extractEntry make.js
281 silly gunzTarPerm extractEntry example/custom_get.js
282 silly gunzTarPerm extractEntry nan.h
283 silly gunzTarPerm modified mode [ 'nan.h', 436, 438 ]
284 silly gunzTarPerm extractEntry nan_implementation_12_inl.h
285 silly gunzTarPerm modified mode [ 'nan_implementation_12_inl.h', 436, 438 ]
286 silly gunzTarPerm extractEntry nan_implementation_pre_12_inl.h
287 silly gunzTarPerm modified mode [ 'nan_implementation_pre_12_inl.h', 436, 438 ]
288 silly gunzTarPerm extractEntry nan_new.h
289 silly gunzTarPerm modified mode [ 'nan_new.h', 436, 438 ]
290 silly gunzTarPerm extractEntry nan_string_bytes.h
291 silly gunzTarPerm modified mode [ 'nan_string_bytes.h', 436, 438 ]
292 silly gunzTarPerm extractEntry CHANGELOG.md
293 silly gunzTarPerm modified mode [ 'CHANGELOG.md', 436, 438 ]
294 silly gunzTarPerm extractEntry test/convenience-method-test.js
295 silly gunzTarPerm modified mode [ 'test/convenience-method-test.js', 420, 438 ]
296 silly gunzTarPerm extractEntry example/custom_get2.js
297 silly gunzTarPerm extractEntry example/default_get.js
298 silly gunzTarPerm extractEntry test/date-convenience-methods-test.js
299 silly gunzTarPerm modified mode [ 'test/date-convenience-methods-test.js', 420, 438 ]
300 silly gunzTarPerm extractEntry test/job-test.js
301 silly gunzTarPerm modified mode [ 'test/job-test.js', 420, 438 ]
302 silly gunzTarPerm extractEntry example/web_example.js
303 silly gunzTarPerm extractEntry binding.gyp
304 silly gunzTarPerm extractEntry .travis.yml
305 silly gunzTarPerm extractEntry test/range-test.js
306 silly gunzTarPerm modified mode [ 'test/range-test.js', 420, 438 ]
307 silly gunzTarPerm extractEntry test/recurrence-rule-test.js
308 silly gunzTarPerm modified mode [ 'test/recurrence-rule-test.js', 420, 438 ]
309 silly gunzTarPerm extractEntry lib/dir.js
310 silly gunzTarPerm extractEntry lib/gen.js
311 silly gentlyRm D:\nodejs\nodejs\demo\node_modules\.staging\async-41347a94\node_modules is being purged
312 verbose gentlyRm don't care about contents; nuking D:\nodejs\nodejs\demo\node_modules\.staging\async-41347a94\node_modules
313 silly gunzTarPerm extractEntry lib/hcap.js
314 silly gunzTarPerm extractEntry lib/timer.js
315 silly gunzTarPerm extractEntry addon/cap.cc
316 silly gunzTarPerm extractEntry addon/cap.h
317 silly gunzTarPerm extractEntry addon/hcaptha.cc
318 silly gunzTarPerm extractEntry addon/jpeglib/jddctmgr.c
319 silly gentlyRm D:\nodejs\nodejs\demo\node_modules\.staging\node-schedule-275d03c1\node_modules is being purged
320 verbose gentlyRm don't care about contents; nuking D:\nodejs\nodejs\demo\node_modules\.staging\node-schedule-275d03c1\node_modules
321 silly gentlyRm D:\nodejs\nodejs\demo\node_modules\.staging\nan-add79e99\node_modules is being purged
322 verbose gentlyRm don't care about contents; nuking D:\nodejs\nodejs\demo\node_modules\.staging\nan-add79e99\node_modules
323 silly gunzTarPerm extractEntry addon/jpeglib/CImg.h
324 silly gunzTarPerm extractEntry addon/jpeglib/Licence_CeCILL_V2-en.txt
325 silly gunzTarPerm extractEntry addon/jpeglib/README.txt
326 silly gunzTarPerm extractEntry addon/jpeglib/cderror.h
327 silly gunzTarPerm extractEntry addon/jpeglib/cdjpeg.h
328 silly gunzTarPerm extractEntry addon/jpeglib/jaricom.c
329 silly gunzTarPerm extractEntry addon/jpeglib/jcapimin.c
330 silly gunzTarPerm extractEntry addon/jpeglib/jcapistd.c
331 silly gunzTarPerm extractEntry addon/jpeglib/jcarith.c
332 silly gunzTarPerm extractEntry addon/jpeglib/jccoefct.c
333 silly gunzTarPerm extractEntry addon/jpeglib/jccolor.c
334 silly gunzTarPerm extractEntry addon/jpeglib/jcdctmgr.c
335 silly gunzTarPerm extractEntry addon/jpeglib/jchuff.c
336 silly gunzTarPerm extractEntry addon/jpeglib/jcinit.c
337 silly gunzTarPerm extractEntry addon/jpeglib/jcmainct.c
338 silly gunzTarPerm extractEntry addon/jpeglib/jcmarker.c
339 silly gunzTarPerm extractEntry addon/jpeglib/jcmaster.c
340 silly gunzTarPerm extractEntry addon/jpeglib/jcomapi.c
341 silly gunzTarPerm extractEntry addon/jpeglib/jconfig.h
342 silly gunzTarPerm extractEntry addon/jpeglib/jcparam.c
343 silly gunzTarPerm extractEntry addon/jpeglib/jcprepct.c
344 silly gunzTarPerm extractEntry addon/jpeglib/jcsample.c
345 silly gunzTarPerm extractEntry addon/jpeglib/jctrans.c
346 silly gunzTarPerm extractEntry addon/jpeglib/jdapimin.c
347 silly gunzTarPerm extractEntry addon/jpeglib/jdapistd.c
348 silly gunzTarPerm extractEntry addon/jpeglib/jdarith.c
349 silly gunzTarPerm extractEntry addon/jpeglib/jdatadst.c
350 silly gunzTarPerm extractEntry addon/jpeglib/jdatasrc.c
351 silly gunzTarPerm extractEntry addon/jpeglib/jdcoefct.c
352 silly gunzTarPerm extractEntry addon/jpeglib/jdcolor.c
353 silly gunzTarPerm extractEntry addon/jpeglib/jdct.h
354 silly gunzTarPerm extractEntry addon/jpeglib/Licence_CeCILL-C_V1-en.txt
355 silly gunzTarPerm extractEntry addon/jpeglib/jdhuff.c
356 silly gunzTarPerm extractEntry addon/jpeglib/jdinput.c
357 silly gunzTarPerm extractEntry addon/jpeglib/jdmainct.c
358 silly gunzTarPerm extractEntry addon/jpeglib/jdmarker.c
359 silly gunzTarPerm extractEntry addon/jpeglib/jdmaster.c
360 silly gunzTarPerm extractEntry addon/jpeglib/jdmerge.c
361 silly gunzTarPerm extractEntry addon/jpeglib/jdpostct.c
362 silly gunzTarPerm extractEntry addon/jpeglib/jdsample.c
363 silly gunzTarPerm extractEntry addon/jpeglib/jdtrans.c
364 silly gunzTarPerm extractEntry addon/jpeglib/jerror.c
365 silly gunzTarPerm extractEntry addon/jpeglib/jerror.h
366 silly gunzTarPerm extractEntry addon/jpeglib/jfdctflt.c
367 silly gunzTarPerm extractEntry addon/jpeglib/jfdctfst.c
368 silly gunzTarPerm extractEntry addon/jpeglib/jfdctint.c
369 silly gunzTarPerm extractEntry addon/jpeglib/jidctflt.c
370 silly gunzTarPerm extractEntry addon/jpeglib/jidctfst.c
371 silly gunzTarPerm extractEntry addon/jpeglib/jidctint.c
372 silly gunzTarPerm extractEntry addon/jpeglib/jinclude.h
373 silly gunzTarPerm extractEntry addon/jpeglib/jmemmgr.c
374 silly gunzTarPerm extractEntry addon/jpeglib/jmemnobs.c
375 silly gunzTarPerm extractEntry addon/jpeglib/jmemsys.h
376 silly gunzTarPerm extractEntry addon/jpeglib/jmorecfg.h
377 silly gunzTarPerm extractEntry addon/jpeglib/jpegint.h
378 silly gunzTarPerm extractEntry addon/jpeglib/jpeglib.h
379 silly gunzTarPerm extractEntry addon/jpeglib/jquant1.c
380 silly gunzTarPerm extractEntry addon/jpeglib/jquant2.c
381 silly gunzTarPerm extractEntry addon/jpeglib/jutils.c
382 silly gunzTarPerm extractEntry addon/jpeglib/jversion.h
383 silly gunzTarPerm extractEntry addon/jpeglib/libjpeg.so
384 silly gunzTarPerm extractEntry addon/jpeglib/plugins/jpeg_buffer.h
385 silly gunzTarPerm extractEntry addon/jpeglib/plugins/add_fileformat.h
386 silly gunzTarPerm extractEntry addon/jpeglib/plugins/cimg_ipl.h
387 silly gunzTarPerm extractEntry addon/jpeglib/plugins/cimgmatlab.h
388 silly gunzTarPerm extractEntry addon/jpeglib/plugins/draw_gradient.h
389 silly gunzTarPerm extractEntry addon/jpeglib/plugins/cimgIPL.h
390 silly gunzTarPerm extractEntry addon/jpeglib/plugins/loop_macros.h
391 silly gunzTarPerm extractEntry addon/jpeglib/plugins/nlmeans.h
392 silly gunzTarPerm extractEntry addon/jpeglib/plugins/skeleton.h
393 silly gunzTarPerm extractEntry addon/jpeglib/plugins/vrml.h
394 silly gunzTarPerm extractEntry addon/jpeglib/plugins/vtk.h
395 silly gunzTarPerm extractEntry addon/jpeglib/resources/compile_win_icl.bat
396 silly gunzTarPerm extractEntry addon/jpeglib/resources/compile_win_visualcpp.bat
397 silly gunzTarPerm extractEntry addon/jpeglib/transupp.h
398 silly gunzTarPerm extractEntry addon/libjpeg.dll
399 silly gunzTarPerm extractEntry benchmark/generate.js
400 silly gunzTarPerm extractEntry readme.md
401 silly gunzTarPerm extractEntry test/main_test.js
402 silly gentlyRm D:\nodejs\nodejs\demo\node_modules\.staging\ccap-f75eb2a8\node_modules is being purged
403 verbose gentlyRm don't care about contents; nuking D:\nodejs\nodejs\demo\node_modules\.staging\ccap-f75eb2a8\node_modules
404 silly doParallel preinstall 4
405 silly preinstall async@1.4.2 D:\nodejs\nodejs\demo\node_modules\.staging\async-41347a94
406 info lifecycle async@1.4.2~preinstall: async@1.4.2
407 silly preinstall nan@1.7.0 D:\nodejs\nodejs\demo\node_modules\.staging\nan-add79e99
408 info lifecycle nan@1.7.0~preinstall: nan@1.7.0
409 silly preinstall node-schedule@0.1.13 D:\nodejs\nodejs\demo\node_modules\.staging\node-schedule-275d03c1
410 info lifecycle node-schedule@0.1.13~preinstall: node-schedule@0.1.13
411 silly preinstall ccap@0.6.10 D:\nodejs\nodejs\demo\node_modules\.staging\ccap-f75eb2a8
412 info lifecycle ccap@0.6.10~preinstall: ccap@0.6.10
413 silly lifecycle async@1.4.2~preinstall: no script for preinstall, continuing
414 silly lifecycle nan@1.7.0~preinstall: no script for preinstall, continuing
415 silly lifecycle node-schedule@0.1.13~preinstall: no script for preinstall, continuing
416 verbose lifecycle ccap@0.6.10~preinstall: unsafe-perm in lifecycle true
417 verbose lifecycle ccap@0.6.10~preinstall: PATH: C:\Users\Administrator\AppData\Roaming\npm\node_modules\npm\bin\node-gyp-bin;D:\nodejs\nodejs\demo\node_modules\.staging\ccap-f75eb2a8\node_modules\.bin;D:\nodejs\nodejs\demo\node_modules\.bin;C:\Program Files\nodejs;C:\ProgramData\Oracle\Java\javapath;C:\Program Files (x86)\Intel\iCLS Client\;C:\Program Files\Intel\iCLS Client\;C:\windows\system32;C:\windows;C:\windows\System32\Wbem;C:\windows\System32\WindowsPowerShell\v1.0\;C:\Program Files\Intel\Intel(R) Management Engine Components\DAL;C:\Program Files\Intel\Intel(R) Management Engine Components\IPT;C:\Program Files (x86)\Intel\Intel(R) Management Engine Components\DAL;C:\Program Files (x86)\Intel\Intel(R) Management Engine Components\IPT;C:\Program Files\Java\jdk1.7.0_17\bin;C:\Program Files\Java\jre7\bin;E:\maven\apache-maven-3.3.9-bin\apache-maven-3.3.9\bin;C:\Program Files\nodejs\;C:\Users\Administrator\AppData\Roaming\npm
418 verbose lifecycle ccap@0.6.10~preinstall: CWD: D:\nodejs\nodejs\demo\node_modules\.staging\ccap-f75eb2a8
419 silly lifecycle ccap@0.6.10~preinstall: Args: [ '/d /s /c', 'node make.js' ]
420 silly lifecycle ccap@0.6.10~preinstall: Returned: code: 0  signal: null
421 silly doReverseSerial remove 0
422 silly doSerial move 0
423 silly doSerial finalize 4
424 silly finalize D:\nodejs\nodejs\demo\node_modules\ccap\node_modules\async
425 silly finalize D:\nodejs\nodejs\demo\node_modules\nan
426 silly finalize D:\nodejs\nodejs\demo\node_modules\node-schedule
427 silly finalize D:\nodejs\nodejs\demo\node_modules\ccap
428 silly doSerial build 4
429 silly build async@1.4.2
430 info linkStuff async@1.4.2
431 silly linkStuff async@1.4.2 has D:\nodejs\nodejs\demo\node_modules\ccap\node_modules as its parent node_modules
432 verbose linkBins async@1.4.2
433 verbose linkMans async@1.4.2
434 silly build nan@1.7.0
435 info linkStuff nan@1.7.0
436 silly linkStuff nan@1.7.0 has D:\nodejs\nodejs\demo\node_modules as its parent node_modules
437 verbose linkBins nan@1.7.0
438 verbose linkMans nan@1.7.0
439 silly build node-schedule@0.1.13
440 info linkStuff node-schedule@0.1.13
441 silly linkStuff node-schedule@0.1.13 has D:\nodejs\nodejs\demo\node_modules as its parent node_modules
442 verbose linkBins node-schedule@0.1.13
443 verbose linkMans node-schedule@0.1.13
444 silly build ccap@0.6.10
445 info linkStuff ccap@0.6.10
446 silly linkStuff ccap@0.6.10 has D:\nodejs\nodejs\demo\node_modules as its parent node_modules
447 verbose linkBins ccap@0.6.10
448 verbose linkMans ccap@0.6.10
449 silly doSerial global-link 0
450 silly doParallel update-linked 0
451 silly doSerial install 4
452 silly install async@1.4.2 D:\nodejs\nodejs\demo\node_modules\.staging\async-41347a94
453 info lifecycle async@1.4.2~install: async@1.4.2
454 silly lifecycle async@1.4.2~install: no script for install, continuing
455 silly install nan@1.7.0 D:\nodejs\nodejs\demo\node_modules\.staging\nan-add79e99
456 info lifecycle nan@1.7.0~install: nan@1.7.0
457 silly lifecycle nan@1.7.0~install: no script for install, continuing
458 silly install node-schedule@0.1.13 D:\nodejs\nodejs\demo\node_modules\.staging\node-schedule-275d03c1
459 info lifecycle node-schedule@0.1.13~install: node-schedule@0.1.13
460 silly lifecycle node-schedule@0.1.13~install: no script for install, continuing
461 silly install ccap@0.6.10 D:\nodejs\nodejs\demo\node_modules\.staging\ccap-f75eb2a8
462 info lifecycle ccap@0.6.10~install: ccap@0.6.10
463 verbose lifecycle ccap@0.6.10~install: unsafe-perm in lifecycle true
464 verbose lifecycle ccap@0.6.10~install: PATH: C:\Users\Administrator\AppData\Roaming\npm\node_modules\npm\bin\node-gyp-bin;D:\nodejs\nodejs\demo\node_modules\ccap\node_modules\.bin;D:\nodejs\nodejs\demo\node_modules\.bin;C:\Program Files\nodejs;C:\ProgramData\Oracle\Java\javapath;C:\Program Files (x86)\Intel\iCLS Client\;C:\Program Files\Intel\iCLS Client\;C:\windows\system32;C:\windows;C:\windows\System32\Wbem;C:\windows\System32\WindowsPowerShell\v1.0\;C:\Program Files\Intel\Intel(R) Management Engine Components\DAL;C:\Program Files\Intel\Intel(R) Management Engine Components\IPT;C:\Program Files (x86)\Intel\Intel(R) Management Engine Components\DAL;C:\Program Files (x86)\Intel\Intel(R) Management Engine Components\IPT;C:\Program Files\Java\jdk1.7.0_17\bin;C:\Program Files\Java\jre7\bin;E:\maven\apache-maven-3.3.9-bin\apache-maven-3.3.9\bin;C:\Program Files\nodejs\;C:\Users\Administrator\AppData\Roaming\npm
465 verbose lifecycle ccap@0.6.10~install: CWD: D:\nodejs\nodejs\demo\node_modules\ccap
466 silly lifecycle ccap@0.6.10~install: Args: [ '/d /s /c', 'node-gyp rebuild' ]
467 silly lifecycle ccap@0.6.10~install: Returned: code: 1  signal: null
468 info lifecycle ccap@0.6.10~install: Failed to exec install script
469 verbose unlock done using C:\Users\Administrator\AppData\Roaming\npm-cache\_locks\staging-a5ff20d91f0f570d.lock for D:\nodejs\nodejs\demo\node_modules\.staging
470 silly rollbackFailedOptional Starting
471 silly rollbackFailedOptional Finishing
472 silly runTopLevelLifecycles Starting
473 silly runTopLevelLifecycles Finishing
474 silly install printInstalled
475 warn demo@0.0.1 No repository field.
476 warn demo@0.0.1 No license field.
477 verbose stack Error: ccap@0.6.10 install: `node-gyp rebuild`
477 verbose stack Exit status 1
477 verbose stack     at EventEmitter.<anonymous> (C:\Users\Administrator\AppData\Roaming\npm\node_modules\npm\lib\utils\lifecycle.js:242:16)
477 verbose stack     at emitTwo (events.js:87:13)
477 verbose stack     at EventEmitter.emit (events.js:172:7)
477 verbose stack     at ChildProcess.<anonymous> (C:\Users\Administrator\AppData\Roaming\npm\node_modules\npm\lib\utils\spawn.js:40:14)
477 verbose stack     at emitTwo (events.js:87:13)
477 verbose stack     at ChildProcess.emit (events.js:172:7)
477 verbose stack     at maybeClose (internal/child_process.js:827:16)
477 verbose stack     at Process.ChildProcess._handle.onexit (internal/child_process.js:211:5)
478 verbose pkgid ccap@0.6.10
479 verbose cwd D:\nodejs\nodejs\demo
480 error Windows_NT 6.1.7601
481 error argv "C:\\Program Files\\nodejs\\node.exe" "C:\\Users\\Administrator\\AppData\\Roaming\\npm\\node_modules\\npm\\bin\\npm-cli.js" "install" "ccap"
482 error node v4.4.7
483 error npm  v3.10.3
484 error code ELIFECYCLE
485 error ccap@0.6.10 install: `node-gyp rebuild`
485 error Exit status 1
486 error Failed at the ccap@0.6.10 install script 'node-gyp rebuild'.
486 error Make sure you have the latest version of node.js and npm installed.
486 error If you do, this is most likely a problem with the ccap package,
486 error not with npm itself.
486 error Tell the author that this fails on your system:
486 error     node-gyp rebuild
486 error You can get information on how to open an issue for this project with:
486 error     npm bugs ccap
486 error Or if that isn't available, you can get their info via:
486 error     npm owner ls ccap
486 error There is likely additional logging output above.
487 verbose exit [ 1, true ]
